0 info it worked if it ends with ok
1 verbose cli [ 'node',
1 verbose cli   '/usr/local/bin/npm',
1 verbose cli   'uninstall',
1 verbose cli   '-g',
1 verbose cli   'coffee-script' ]
2 info using npm@1.4.23
3 info using node@v0.10.31
4 verbose lib/node_modules/coffee-script unbuild
5 info preuninstall coffee-script@1.8.0
6 info uninstall coffee-script@1.8.0
7 verbose true,/usr/local/lib/node_modules,/usr/local/lib/node_modules unbuild coffee-script@1.8.0
8 verbose /usr/local/bin,[object Object] binRoot
9 error Error: EACCES, unlink '/usr/local/bin/coffee'
9 error  { [Error: EACCES, unlink '/usr/local/bin/coffee'] errno: 3, code: 'EACCES', path: '/usr/local/bin/coffee' }
10 error Please try running this command again as root/Administrator.
11 error System Darwin 13.3.0
12 error command "node" "/usr/local/bin/npm" "uninstall" "-g" "coffee-script"
13 error cwd /Volumes/Main/Users/craig/workspace/node-football
14 error node -v v0.10.31
15 error npm -v 1.4.23
16 error path /usr/local/bin/coffee
17 error code EACCES
18 error errno 3
19 error stack Error: EACCES, unlink '/usr/local/bin/coffee'
20 verbose exit [ 3, true ]
